{
  "name": "ci_cd_test_integration",
  "description": "Continuous Integration test execution and reporting",
  "pattern": "ci.*cd|pipeline|github.*actions|jenkins",
  "parameters": ["ci_platform"],
  "sequence": [
    {
      "action": {"type": "system_command", "tool": "shell", "operation": "run", "command": "bash", "args": ["-c", "echo 'name: Test Suite' > /tmp/workflow.yml; echo 'on: [push, pull_request]' >> /tmp/workflow.yml; echo 'jobs:' >> /tmp/workflow.yml; echo '  test:' >> /tmp/workflow.yml; echo '    runs-on: ubuntu-latest' >> /tmp/workflow.yml; echo '    steps:' >> /tmp/workflow.yml; echo '      - uses: actions/checkout@v3' >> /tmp/workflow.yml; echo '      - name: Run tests' >> /tmp/workflow.yml; echo '        run: pytest tests/' >> /tmp/workflow.yml; cat /tmp/workflow.yml; echo ''; echo 'GitHub Actions workflow created'"]},
      "expected_output": {"type": "string", "example": "name: Test Suite\non: [push, pull_request]\njobs:\n  test:\n    runs-on: ubuntu-latest\n    steps:\n      - uses: actions/checkout@v3\n      - name: Run tests\n        run: pytest tests/\n\nGitHub Actions workflow created\n\nCI pipeline configuration"}
    },
    {
      "action": {"type": "system_command", "tool": "shell", "operation": "run", "command": "python3", "args": ["-c", "import json; test_results = {'total': 150, 'passed': 145, 'failed': 5, 'skipped': 0, 'duration': 45.2, 'success_rate': 96.7}; report = {'timestamp': '2024-01-15T10:30:00', 'branch': 'main', 'commit': 'abc123', 'results': test_results}; print('Test Report:'); print(json.dumps(report, indent=2)); print('\\nTest execution completed')"]},
      "expected_output": {"type": "string", "example": "Test Report:\n{\n  \"timestamp\": \"2024-01-15T10:30:00\",\n  \"branch\": \"main\",\n  \"commit\": \"abc123\",\n  \"results\": {\n    \"total\": 150,\n    \"passed\": 145,\n    \"failed\": 5\n  }\n}\n\nTest execution completed\n\nCI test results format"}
    },
    {
      "action": {"type": "system_command", "tool": "shell", "operation": "run", "command": "bash", "args": ["-c", "cat > /tmp/junit_report.xml <<'EOF'\n<?xml version=\"1.0\" encoding=\"UTF-8\"?>\n<testsuites tests=\"3\" failures=\"1\" errors=\"0\" time=\"12.5\">\n  <testsuite name=\"LoginTests\" tests=\"3\" failures=\"1\" time=\"12.5\">\n    <testcase name=\"test_valid_login\" time=\"5.0\"/>\n    <testcase name=\"test_invalid_password\" time=\"4.5\">\n      <failure message=\"AssertionError: Expected login to fail\"/>\n    </testcase>\n    <testcase name=\"test_logout\" time=\"3.0\"/>\n  </testsuite>\n</testsuites>\nEOF\ncat /tmp/junit_report.xml; echo ''; echo 'JUnit XML report generated for CI parsing'"]},
      "expected_output": {"type": "string", "example": "<?xml version=\"1.0\" encoding=\"UTF-8\"?>\n<testsuites tests=\"3\" failures=\"1\">\n  <testsuite name=\"LoginTests\">\n    <testcase name=\"test_valid_login\" time=\"5.0\"/>\n    <testcase name=\"test_invalid_password\" time=\"4.5\">\n      <failure message=\"AssertionError\"/>\n    </testcase>\n  </testsuite>\n</testsuites>\n\nJUnit XML report generated for CI parsing\n\nStandard test report format"}
    }
  ],
  "stats": {"uses": 0, "successes": 0, "failures": 0, "success_rate": 0.0},
  "created_by": "neural_mesh_v5.2_generator"
}
